TESTING THREE MODELS
--------------------
Model type: linearregression
Run arguments: Namespace(model_name='linearregression', hidden_layer_w=50, hidden_layer_h=50, learning_rate=0.01, alpha=0.0001, clustering_threshold=0.3, activation_function='tanh')
model params {'copy_X': True, 'fit_intercept': True, 'n_jobs': None, 'positive': False}
number of clusters: 6
Model: linearregression, MSE: 9.735, RMSE: 3.12


--------------------
Model type: supportvectorregression
Run arguments: Namespace(model_name='supportvectorregression', hidden_layer_w=50, hidden_layer_h=50, learning_rate=0.01, alpha=0.0001, clustering_threshold=0.3, activation_function='tanh')
model params {'memory': None, 'steps': [('standardscaler', StandardScaler()), ('svrwrapper', SVRWrapper(C=0.5))], 'transform_input': None, 'verbose': False, 'standardscaler': StandardScaler(), 'svrwrapper': SVRWrapper(C=0.5), 'standardscaler__copy': True, 'standardscaler__with_mean': True, 'standardscaler__with_std': True, 'svrwrapper__C': 0.5, 'svrwrapper__cache_size': 200, 'svrwrapper__coef0': 0.0, 'svrwrapper__degree': 3, 'svrwrapper__epsilon': 0.1, 'svrwrapper__gamma': 'scale', 'svrwrapper__kernel': 'rbf', 'svrwrapper__max_iter': -1, 'svrwrapper__shrinking': True, 'svrwrapper__tol': 0.001, 'svrwrapper__verbose': False}
number of clusters: 6
Model: supportvectorregression, MSE: 1977.676, RMSE: 44.471


--------------------
Model type: mlpregressor
Run arguments: Namespace(model_name='mlpregressor', hidden_layer_w=50, hidden_layer_h=50, learning_rate=0.01, alpha=0.0001, clustering_threshold=0.3, activation_function='tanh')
model params {'activation': 'tanh', 'alpha': 0.0001, 'batch_size': 'auto', 'beta_1': 0.9, 'beta_2': 0.999, 'early_stopping': True, 'epsilon': 1e-08, 'hidden_layer_sizes': (50, 50), 'learning_rate': 'constant', 'learning_rate_init': 0.01, 'max_fun': 15000, 'max_iter': 2000, 'momentum': 0.9, 'n_iter_no_change': 10, 'nesterovs_momentum': True, 'power_t': 0.5, 'random_state': 42, 'shuffle': True, 'solver': 'adam', 'tol': 0.0001, 'validation_fraction': 0.1, 'verbose': False, 'warm_start': False}
number of clusters: 6
Model: mlpregressor, MSE: 3263.361, RMSE: 57.126


TESTING LEARNING RATES
--------------------
Model type: mlpregressor
Run arguments: Namespace(model_name='mlpregressor', hidden_layer_w=50, hidden_layer_h=50, learning_rate=0.01, alpha=0.0001, clustering_threshold=0.3, activation_function='tanh')
model params {'activation': 'tanh', 'alpha': 0.0001, 'batch_size': 'auto', 'beta_1': 0.9, 'beta_2': 0.999, 'early_stopping': True, 'epsilon': 1e-08, 'hidden_layer_sizes': (50, 50), 'learning_rate': 'constant', 'learning_rate_init': 0.01, 'max_fun': 15000, 'max_iter': 2000, 'momentum': 0.9, 'n_iter_no_change': 10, 'nesterovs_momentum': True, 'power_t': 0.5, 'random_state': 42, 'shuffle': True, 'solver': 'adam', 'tol': 0.0001, 'validation_fraction': 0.1, 'verbose': False, 'warm_start': False}
number of clusters: 6
Model: mlpregressor, MSE: 3638.64, RMSE: 60.321


--------------------
Model type: mlpregressor
Run arguments: Namespace(model_name='mlpregressor', hidden_layer_w=50, hidden_layer_h=50, learning_rate=0.001, alpha=0.0001, clustering_threshold=0.3, activation_function='tanh')
model params {'activation': 'tanh', 'alpha': 0.0001, 'batch_size': 'auto', 'beta_1': 0.9, 'beta_2': 0.999, 'early_stopping': True, 'epsilon': 1e-08, 'hidden_layer_sizes': (50, 50), 'learning_rate': 'constant', 'learning_rate_init': 0.001, 'max_fun': 15000, 'max_iter': 2000, 'momentum': 0.9, 'n_iter_no_change': 10, 'nesterovs_momentum': True, 'power_t': 0.5, 'random_state': 42, 'shuffle': True, 'solver': 'adam', 'tol': 0.0001, 'validation_fraction': 0.1, 'verbose': False, 'warm_start': False}
number of clusters: 6
Model: mlpregressor, MSE: 3282.458, RMSE: 57.293


C:\Users\jackm\anaconda3\envs\ml_b\lib\site-packages\sklearn\neural_network\_multilayer_perceptron.py:691: ConvergenceWarning: Stochastic Optimizer: Maximum iterations (2000) reached and the optimization hasn't converged yet.
  warnings.warn(
--------------------
Model type: mlpregressor
Run arguments: Namespace(model_name='mlpregressor', hidden_layer_w=50, hidden_layer_h=50, learning_rate=0.0001, alpha=0.0001, clustering_threshold=0.3, activation_function='tanh')
model params {'activation': 'tanh', 'alpha': 0.0001, 'batch_size': 'auto', 'beta_1': 0.9, 'beta_2': 0.999, 'early_stopping': True, 'epsilon': 1e-08, 'hidden_layer_sizes': (50, 50), 'learning_rate': 'constant', 'learning_rate_init': 0.0001, 'max_fun': 15000, 'max_iter': 2000, 'momentum': 0.9, 'n_iter_no_change': 10, 'nesterovs_momentum': True, 'power_t': 0.5, 'random_state': 42, 'shuffle': True, 'solver': 'adam', 'tol': 0.0001, 'validation_fraction': 0.1, 'verbose': False, 'warm_start': False}
number of clusters: 6
Model: mlpregressor, MSE: 5944.722, RMSE: 77.102


--------------------
Model type: mlpregressor
Run arguments: Namespace(model_name='mlpregressor', hidden_layer_w=50, hidden_layer_h=50, learning_rate=1e-05, alpha=0.0001, clustering_threshold=0.3, activation_function='tanh')
model params {'activation': 'tanh', 'alpha': 0.0001, 'batch_size': 'auto', 'beta_1': 0.9, 'beta_2': 0.999, 'early_stopping': True, 'epsilon': 1e-08, 'hidden_layer_sizes': (50, 50), 'learning_rate': 'constant', 'learning_rate_init': 1e-05, 'max_fun': 15000, 'max_iter': 2000, 'momentum': 0.9, 'n_iter_no_change': 10, 'nesterovs_momentum': True, 'power_t': 0.5, 'random_state': 42, 'shuffle': True, 'solver': 'adam', 'tol': 0.0001, 'validation_fraction': 0.1, 'verbose': False, 'warm_start': False}
number of clusters: 6
Model: mlpregressor, MSE: 12745.247, RMSE: 112.895


TESTING ACTIVATION FUNCTIONS
--------------------
Model type: mlpregressor
Run arguments: Namespace(model_name='mlpregressor', hidden_layer_w=50, hidden_layer_h=50, learning_rate=0.01, alpha=0.0001, clustering_threshold=0.3, activation_function='relu')
model params {'activation': 'relu', 'alpha': 0.0001, 'batch_size': 'auto', 'beta_1': 0.9, 'beta_2': 0.999, 'early_stopping': True, 'epsilon': 1e-08, 'hidden_layer_sizes': (50, 50), 'learning_rate': 'constant', 'learning_rate_init': 0.01, 'max_fun': 15000, 'max_iter': 2000, 'momentum': 0.9, 'n_iter_no_change': 10, 'nesterovs_momentum': True, 'power_t': 0.5, 'random_state': 42, 'shuffle': True, 'solver': 'adam', 'tol': 0.0001, 'validation_fraction': 0.1, 'verbose': False, 'warm_start': False}
number of clusters: 6
Model: mlpregressor, MSE: 5116.511, RMSE: 71.53


--------------------
Model type: mlpregressor
Run arguments: Namespace(model_name='mlpregressor', hidden_layer_w=50, hidden_layer_h=50, learning_rate=0.01, alpha=0.0001, clustering_threshold=0.3, activation_function='tanh')
model params {'activation': 'tanh', 'alpha': 0.0001, 'batch_size': 'auto', 'beta_1': 0.9, 'beta_2': 0.999, 'early_stopping': True, 'epsilon': 1e-08, 'hidden_layer_sizes': (50, 50), 'learning_rate': 'constant', 'learning_rate_init': 0.01, 'max_fun': 15000, 'max_iter': 2000, 'momentum': 0.9, 'n_iter_no_change': 10, 'nesterovs_momentum': True, 'power_t': 0.5, 'random_state': 42, 'shuffle': True, 'solver': 'adam', 'tol': 0.0001, 'validation_fraction': 0.1, 'verbose': False, 'warm_start': False}
number of clusters: 6
Model: mlpregressor, MSE: 2362.701, RMSE: 48.608


--------------------
Model type: mlpregressor
Run arguments: Namespace(model_name='mlpregressor', hidden_layer_w=50, hidden_layer_h=50, learning_rate=0.01, alpha=0.0001, clustering_threshold=0.3, activation_function='logistic')
model params {'activation': 'logistic', 'alpha': 0.0001, 'batch_size': 'auto', 'beta_1': 0.9, 'beta_2': 0.999, 'early_stopping': True, 'epsilon': 1e-08, 'hidden_layer_sizes': (50, 50), 'learning_rate': 'constant', 'learning_rate_init': 0.01, 'max_fun': 15000, 'max_iter': 2000, 'momentum': 0.9, 'n_iter_no_change': 10, 'nesterovs_momentum': True, 'power_t': 0.5, 'random_state': 42, 'shuffle': True, 'solver': 'adam', 'tol': 0.0001, 'validation_fraction': 0.1, 'verbose': False, 'warm_start': False}
number of clusters: 6
Model: mlpregressor, MSE: 2477.449, RMSE: 49.774


--------------------
Model type: mlpregressor
Run arguments: Namespace(model_name='mlpregressor', hidden_layer_w=50, hidden_layer_h=50, learning_rate=0.01, alpha=0.0001, clustering_threshold=0.3, activation_function='identity')
model params {'activation': 'identity', 'alpha': 0.0001, 'batch_size': 'auto', 'beta_1': 0.9, 'beta_2': 0.999, 'early_stopping': True, 'epsilon': 1e-08, 'hidden_layer_sizes': (50, 50), 'learning_rate': 'constant', 'learning_rate_init': 0.01, 'max_fun': 15000, 'max_iter': 2000, 'momentum': 0.9, 'n_iter_no_change': 10, 'nesterovs_momentum': True, 'power_t': 0.5, 'random_state': 42, 'shuffle': True, 'solver': 'adam', 'tol': 0.0001, 'validation_fraction': 0.1, 'verbose': False, 'warm_start': False}
number of clusters: 6
Model: mlpregressor, MSE: 11496.599, RMSE: 107.222


